<?xml version="1.0" encoding="UTF-8"?>
<!-- Generated by org.testng.reporters.JUnitXMLReporter -->
<testsuite hostname="DESKTOP-K5OFF8D" ignored="0" name="Command line test" tests="1" failures="1" timestamp="2020-09-12T20:53:55 EEST" time="0.094" errors="0">
  <testcase name="@AfterClass afterMethod" time="0.001" classname="example.SeleniumTest">
    <failure type="java.lang.NullPointerException">
      <![CDATA[java.lang.NullPointerException
at example.SeleniumTest.afterMethod(SeleniumTest.java:29)
at java.util.ArrayList.forEach(ArrayList.java:1257)
... Removed 34 stack frames]]>
    </failure>
  </testcase> <!-- @AfterClass afterMethod -->
  <testcase name="testMethod" time="0.059" classname="example.SeleniumTest">
    <failure type="java.lang.IllegalStateException" message="The driver executable does not exist: C:\Users\markova\OneDrive\Рабочий стол\chromedriver\chromedriver.exe">
      <![CDATA[java.lang.IllegalStateException: The driver executable does not exist: C:\Users\markova\OneDrive\Рабочий стол\chromedriver\chromedriver.exe
at com.google.common.base.Preconditions.checkState(Preconditions.java:585)
at org.openqa.selenium.remote.service.DriverService.checkExecutable(DriverService.java:146)
at org.openqa.selenium.remote.service.DriverService.findExecutable(DriverService.java:141)
at org.openqa.selenium.chrome.ChromeDriverService.access$000(ChromeDriverService.java:35)
at org.openqa.selenium.chrome.ChromeDriverService$Builder.findDefaultExecutable(ChromeDriverService.java:159)
at org.openqa.selenium.remote.service.DriverService$Builder.build(DriverService.java:355)
at org.openqa.selenium.chrome.ChromeDriverService.createDefaultService(ChromeDriverService.java:94)
at org.openqa.selenium.chrome.ChromeDriver.<init>(ChromeDriver.java:123)
at example.SeleniumTest.testMethod(SeleniumTest.java:18)
at java.util.ArrayList.forEach(ArrayList.java:1257)
... Removed 36 stack frames]]>
    </failure>
  </testcase> <!-- testMethod -->
</testsuite> <!-- Command line test -->
